[debug] ----------------------------------------------------------------------
[debug] Command:      /usr/bin/nodejs /usr/local/bin/firebase deploy
[debug] CLI Version:  3.0.8
[debug] Platform:     linux
[debug] Node Version: v4.2.6
[debug] Time:         Sun Nov 06 2016 12:09:20 GMT+0700 (ICT)
[debug] ----------------------------------------------------------------------
[debug] 
[debug] > command requires scopes: ["email","openid","https://www.googleapis.com/auth/cloudplatformprojects.readonly","https://www.googleapis.com/auth/firebase"]
[debug] > refreshing access token with scopes: ["email","https://www.googleapis.com/auth/cloudplatformprojects.readonly","https://www.googleapis.com/auth/firebase","openid"]
[debug] >>> HTTP REQUEST POST https://www.googleapis.com/oauth2/v3/token
[debug] <<< HTTP RESPONSE 200
[debug] >>> HTTP REQUEST GET https://admin.firebase.com/v1/projects/chickyz-afcfe 
[debug] <<< HTTP RESPONSE 200
[debug] >>> HTTP REQUEST GET https://admin.firebase.com/v1/database/chickyz-afcfe/tokens 
[debug] <<< HTTP RESPONSE 200
[info] 
[info] === Deploying to 'chickyz-afcfe'...
[info] 
[info] i  deploying database, hosting
[info] ✔  database: rules ready to deploy.
[info] i  hosting: preparing dist directory for upload...
[debug] >>> HTTP REQUEST PUT https://deploy.firebase.com/v1/hosting/chickyz-afcfe/uploads/-KVs1csDJqMTb8vB8xra?fileCount=42&message= 
